<?xml version="1.0" encoding="UTF-8"?>
<testng-results skipped="0" failed="0" total="1" passed="1">
  <reporter-output>
  </reporter-output>
  <suite name="Default suite" duration-ms="39" started-at="2015-12-01T16:07:06Z" finished-at="2015-12-01T16:07:06Z">
    <groups>
    </groups>
    <test name="Default test" duration-ms="39" started-at="2015-12-01T16:07:06Z" finished-at="2015-12-01T16:07:06Z">
      <class name="com.gso.test.testCalc">
        <test-method status="PASS" signature="f()[pri:0, instance:com.gso.test.testCalc@3cde8a82]" name="f" duration-ms="16" started-at="2015-12-01T21:37:06Z" finished-at="2015-12-01T21:37:06Z">
          <reporter-output>
          </reporter-output>
        </test-method> <!-- f -->
      </class> <!-- com.gso.test.testCalc -->
    </test> <!-- Default test -->
  </suite> <!-- Default suite -->
</testng-results>
